{"C:\\Users\\A200021329\\practice\\foodordering\\src\\components\\layout\\Header.jsx": {"path":"C:\\Users\\A200021329\\practice\\foodordering\\src\\components\\layout\\Header.jsx","statementMap":{"0":{"start":{"line":12,"column":19},"end":{"line":12,"column":36}},"1":{"start":{"line":13,"column":28},"end":{"line":13,"column":51}},"2":{"start":{"line":14,"column":20},"end":{"line":14,"column":60}},"3":{"start":{"line":14,"column":43},"end":{"line":14,"column":59}},"4":{"start":{"line":15,"column":38},"end":{"line":15,"column":55}},"5":{"start":{"line":16,"column":19},"end":{"line":20,"column":3}},"6":{"start":{"line":21,"column":16},"end":{"line":23,"column":3}},"7":{"start":{"line":22,"column":4},"end":{"line":22,"column":78}},"8":{"start":{"line":24,"column":2},"end":{"line":100,"column":4}},"9":{"start":{"line":46,"column":10},"end":{"line":69,"column":18}}},"fnMap":{"0":{"name":"Header","decl":{"start":{"line":11,"column":9},"end":{"line":11,"column":15}},"loc":{"start":{"line":11,"column":18},"end":{"line":101,"column":1}},"line":11},"1":{"name":"(anonymous_1)","decl":{"start":{"line":14,"column":32},"end":{"line":14,"column":33}},"loc":{"start":{"line":14,"column":43},"end":{"line":14,"column":59}},"line":14},"2":{"name":"(anonymous_2)","decl":{"start":{"line":21,"column":16},"end":{"line":21,"column":17}},"loc":{"start":{"line":21,"column":22},"end":{"line":23,"column":3}},"line":21},"3":{"name":"(anonymous_3)","decl":{"start":{"line":45,"column":23},"end":{"line":45,"column":24}},"loc":{"start":{"line":46,"column":10},"end":{"line":69,"column":18}},"line":46}},"branchMap":{"0":{"loc":{"start":{"line":22,"column":4},"end":{"line":22,"column":77}},"type":"cond-expr","locations":[{"start":{"line":22,"column":29},"end":{"line":22,"column":52}},{"start":{"line":22,"column":55},"end":{"line":22,"column":77}}],"line":22},"1":{"loc":{"start":{"line":77,"column":11},"end":{"line":81,"column":11}},"type":"cond-expr","locations":[{"start":{"line":78,"column":12},"end":{"line":78,"column":62}},{"start":{"line":80,"column":12},"end":{"line":80,"column":62}}],"line":77},"2":{"loc":{"start":{"line":83,"column":9},"end":{"line":97,"column":9}},"type":"binary-expr","locations":[{"start":{"line":83,"column":9},"end":{"line":83,"column":32}},{"start":{"line":84,"column":10},"end":{"line":96,"column":17}}],"line":83}},"s":{"0":2,"1":2,"2":2,"3":4,"4":2,"5":2,"6":2,"7":0,"8":2,"9":6},"f":{"0":2,"1":4,"2":0,"3":6},"b":{"0":[0,0],"1":[2,0],"2":[2,0]},"_coverageSchema":"1a1c01bbd47fc00a2c39e90264f33305004495a9","hash":"134e29303c4176e9cabc02d933f2e21c914ca4f9"}
,"C:\\Users\\A200021329\\practice\\foodordering\\src\\components\\layout\\sum.js": {"path":"C:\\Users\\A200021329\\practice\\foodordering\\src\\components\\layout\\sum.js","statementMap":{"0":{"start":{"line":2,"column":2},"end":{"line":2,"column":15}}},"fnMap":{"0":{"name":"sum","decl":{"start":{"line":1,"column":16},"end":{"line":1,"column":19}},"loc":{"start":{"line":1,"column":26},"end":{"line":3,"column":1}},"line":1}},"branchMap":{},"s":{"0":1},"f":{"0":1},"b":{},"_coverageSchema":"1a1c01bbd47fc00a2c39e90264f33305004495a9","hash":"05510044a12cec5570c70ec2a2914408ae4cbddc"}
,"C:\\Users\\A200021329\\practice\\foodordering\\src\\redux\\cartSlice.js": {"path":"C:\\Users\\A200021329\\practice\\foodordering\\src\\redux\\cartSlice.js","statementMap":{"0":{"start":{"line":3,"column":18},"end":{"line":19,"column":2}},"1":{"start":{"line":10,"column":6},"end":{"line":10,"column":53}},"2":{"start":{"line":13,"column":6},"end":{"line":13,"column":24}},"3":{"start":{"line":16,"column":6},"end":{"line":16,"column":29}},"4":{"start":{"line":21,"column":50},"end":{"line":21,"column":67}}},"fnMap":{"0":{"name":"(anonymous_0)","decl":{"start":{"line":9,"column":13},"end":{"line":9,"column":14}},"loc":{"start":{"line":9,"column":32},"end":{"line":11,"column":5}},"line":9},"1":{"name":"(anonymous_1)","decl":{"start":{"line":12,"column":16},"end":{"line":12,"column":17}},"loc":{"start":{"line":12,"column":27},"end":{"line":14,"column":5}},"line":12},"2":{"name":"(anonymous_2)","decl":{"start":{"line":15,"column":15},"end":{"line":15,"column":16}},"loc":{"start":{"line":15,"column":26},"end":{"line":17,"column":5}},"line":15}},"branchMap":{},"s":{"0":1,"1":0,"2":0,"3":0,"4":1},"f":{"0":0,"1":0,"2":0},"b":{},"_coverageSchema":"1a1c01bbd47fc00a2c39e90264f33305004495a9","hash":"8a132f9d8b1037fd0e5a66ea384cfe9c4868f5b9"}
,"C:\\Users\\A200021329\\practice\\foodordering\\src\\utils\\constant.js": {"path":"C:\\Users\\A200021329\\practice\\foodordering\\src\\utils\\constant.js","statementMap":{"0":{"start":{"line":2,"column":2},"end":{"line":2,"column":136}},"1":{"start":{"line":5,"column":2},"end":{"line":5,"column":85}},"2":{"start":{"line":8,"column":2},"end":{"line":8,"column":141}},"3":{"start":{"line":11,"column":2},"end":{"line":11,"column":97}},"4":{"start":{"line":14,"column":2},"end":{"line":14,"column":125}},"5":{"start":{"line":17,"column":2},"end":{"line":17,"column":140}}},"fnMap":{},"branchMap":{},"s":{"0":1,"1":1,"2":1,"3":1,"4":1,"5":1},"f":{},"b":{},"_coverageSchema":"1a1c01bbd47fc00a2c39e90264f33305004495a9","hash":"ecf90b57052c4726cdeba4516ad5da3b14ee577f"}
,"C:\\Users\\A200021329\\practice\\foodordering\\src\\utils\\context\\UserContext.js": {"path":"C:\\Users\\A200021329\\practice\\foodordering\\src\\utils\\context\\UserContext.js","statementMap":{"0":{"start":{"line":3,"column":20},"end":{"line":5,"column":2}}},"fnMap":{},"branchMap":{},"s":{"0":1},"f":{},"b":{},"_coverageSchema":"1a1c01bbd47fc00a2c39e90264f33305004495a9","hash":"1377e8bc4dada66616bea654aff6ae46f076c299"}
,"C:\\Users\\A200021329\\practice\\foodordering\\src\\utils\\customHooks\\useOnlineStatus.js": {"path":"C:\\Users\\A200021329\\practice\\foodordering\\src\\utils\\customHooks\\useOnlineStatus.js","statementMap":{"0":{"start":{"line":4,"column":34},"end":{"line":4,"column":48}},"1":{"start":{"line":5,"column":2},"end":{"line":9,"column":9}},"2":{"start":{"line":6,"column":4},"end":{"line":8,"column":7}},"3":{"start":{"line":7,"column":6},"end":{"line":7,"column":25}},"4":{"start":{"line":11,"column":2},"end":{"line":11,"column":18}}},"fnMap":{"0":{"name":"useOnlineStatus","decl":{"start":{"line":3,"column":24},"end":{"line":3,"column":39}},"loc":{"start":{"line":3,"column":42},"end":{"line":12,"column":1}},"line":3},"1":{"name":"(anonymous_1)","decl":{"start":{"line":5,"column":12},"end":{"line":5,"column":13}},"loc":{"start":{"line":5,"column":18},"end":{"line":9,"column":3}},"line":5},"2":{"name":"(anonymous_2)","decl":{"start":{"line":6,"column":39},"end":{"line":6,"column":40}},"loc":{"start":{"line":6,"column":45},"end":{"line":8,"column":5}},"line":6}},"branchMap":{},"s":{"0":2,"1":2,"2":2,"3":0,"4":2},"f":{"0":2,"1":2,"2":0},"b":{},"_coverageSchema":"1a1c01bbd47fc00a2c39e90264f33305004495a9","hash":"6960ddb2d5392e6865aff8f5fed376e2bfb2a750"}
}
