TN:
SF:src\components\layout\Header.jsx
FN:11,Header
FN:14,(anonymous_1)
FN:21,(anonymous_2)
FN:45,(anonymous_3)
FNF:4
FNH:3
FNDA:2,Header
FNDA:4,(anonymous_1)
FNDA:0,(anonymous_2)
FNDA:6,(anonymous_3)
DA:12,2
DA:13,2
DA:14,4
DA:15,2
DA:16,2
DA:21,2
DA:22,0
DA:24,2
DA:46,6
LF:9
LH:8
BRDA:22,0,0,0
BRDA:22,0,1,0
BRDA:77,1,0,2
BRDA:77,1,1,0
BRDA:83,2,0,2
BRDA:83,2,1,0
BRF:6
BRH:2
end_of_record
TN:
SF:src\components\layout\sum.js
FN:1,sum
FNF:1
FNH:1
FNDA:1,sum
DA:2,1
LF:1
LH:1
BRF:0
BRH:0
end_of_record
TN:
SF:src\redux\cartSlice.js
FN:9,(anonymous_0)
FN:12,(anonymous_1)
FN:15,(anonymous_2)
FNF:3
FNH:0
FNDA:0,(anonymous_0)
FNDA:0,(anonymous_1)
FNDA:0,(anonymous_2)
DA:3,1
DA:10,0
DA:13,0
DA:16,0
DA:21,1
LF:5
LH:2
BRF:0
BRH:0
end_of_record
TN:
SF:src\utils\constant.js
FNF:0
FNH:0
DA:2,1
DA:5,1
DA:8,1
DA:11,1
DA:14,1
DA:17,1
LF:6
LH:6
BRF:0
BRH:0
end_of_record
TN:
SF:src\utils\context\UserContext.js
FNF:0
FNH:0
DA:3,1
LF:1
LH:1
BRF:0
BRH:0
end_of_record
TN:
SF:src\utils\customHooks\useOnlineStatus.js
FN:3,useOnlineStatus
FN:5,(anonymous_1)
FN:6,(anonymous_2)
FNF:3
FNH:2
FNDA:2,useOnlineStatus
FNDA:2,(anonymous_1)
FNDA:0,(anonymous_2)
DA:4,2
DA:5,2
DA:6,2
DA:7,0
DA:11,2
LF:5
LH:4
BRF:0
BRH:0
end_of_record
